2025-06-23 16:09:23 - Error: SQLSTATE[42S22]: Column not found: 1054 Unknown column 'display_order' in 'order clause' in E:\xampp\htdocs\main\index3.php on line 142
2025-06-23 16:17:19 - Error: Unauthorized access attempt by user ID: 8 to page: /main/staff/dashboard.php Required roles: staff,doctor,nurse in E:\xampp\htdocs\main\includes\auth.php on line 63
2025-06-23 16:34:12 - Error: Unauthorized access attempt by user ID: 8 to page: /main/staff/dashboard.php Required roles: staff,doctor,nurse in E:\xampp\htdocs\main\includes\auth.php on line 63
2025-06-23 16:38:58 - Error: SQLSTATE[42S22]: Column not found: 1054 Unknown column 'display_order' in 'order clause' in E:\xampp\htdocs\main\index3.php on line 142
2025-06-23 16:45:35 - Error: SQLSTATE[42S22]: Column not found: 1054 Unknown column 'display_order' in 'order clause' in E:\xampp\htdocs\main\index3.php on line 142
2025-06-23 16:52:33 - Error: SQLSTATE[42S22]: Column not found: 1054 Unknown column 'd.manager_id' in 'on clause' in E:\xampp\htdocs\main\admin\departments.php on line 178
2025-06-23 16:56:22 - Error: SQLSTATE[42S22]: Column not found: 1054 Unknown column 'display_order' in 'order clause' in E:\xampp\htdocs\main\index3.php on line 142
2025-06-24 09:36:15 - Error: SQLSTATE[42S22]: Column not found: 1054 Unknown column 'd.manager_id' in 'on clause' in E:\xampp\htdocs\main\admin\departments.php on line 178
2025-06-24 09:39:31 - Error: SQLSTATE[42S22]: Column not found: 1054 Unknown column 'd.manager_id' in 'on clause' in E:\xampp\htdocs\main\admin\departments.php on line 178
2025-06-24 10:04:26 - Error: SQLSTATE[42S22]: Column not found: 1054 Unknown column 'd.manager_id' in 'on clause' in E:\xampp\htdocs\main\admin\departments.php on line 178
2025-06-24 10:14:51 - Error: SQLSTATE[42S22]: Column not found: 1054 Unknown column 'd.manager_id' in 'on clause' in E:\xampp\htdocs\main\admin\departments.php on line 178
2025-06-24 10:20:28 - Error: SQLSTATE[42S22]: Column not found: 1054 Unknown column 'd.manager_id' in 'on clause' in E:\xampp\htdocs\main\admin\departments.php on line 178
2025-06-24 10:25:35 - Error: SQLSTATE[42S22]: Column not found: 1054 Unknown column 'attachments' in 'field list' in E:\xampp\htdocs\main\admin\news.php on line 284
2025-06-24 10:25:38 - Error: SQLSTATE[42S22]: Column not found: 1054 Unknown column 'attachments' in 'field list' in E:\xampp\htdocs\main\admin\news.php on line 284
2025-06-24 10:25:41 - Error: SQLSTATE[42S22]: Column not found: 1054 Unknown column 'attachments' in 'field list' in E:\xampp\htdocs\main\admin\news.php on line 284
2025-06-24 10:25:44 - Error: SQLSTATE[42S22]: Column not found: 1054 Unknown column 'attachments' in 'field list' in E:\xampp\htdocs\main\admin\news.php on line 284
2025-06-24 10:25:47 - Error: SQLSTATE[42S22]: Column not found: 1054 Unknown column 'attachments' in 'field list' in E:\xampp\htdocs\main\admin\news.php on line 284
2025-06-24 10:27:00 - Error: SQLSTATE[42S22]: Column not found: 1054 Unknown column 'attachments' in 'field list' in E:\xampp\htdocs\main\admin\news.php on line 284
2025-06-24 10:29:44 - Error: SQLSTATE[42S22]: Column not found: 1054 Unknown column 'attachments' in 'field list' in E:\xampp\htdocs\main\admin\news.php on line 284
2025-06-24 10:31:40 - Error: SQLSTATE[42S22]: Column not found: 1054 Unknown column 'd.manager_id' in 'on clause' in E:\xampp\htdocs\main\admin\departments.php on line 178
2025-06-24 10:38:00 - Error: SQLSTATE[42S22]: Column not found: 1054 Unknown column 'd.manager_id' in 'on clause' in E:\xampp\htdocs\main\admin\departments.php on line 178
2025-06-24 10:53:09 - Error: SQLSTATE[42S22]: Column not found: 1054 Unknown column 'd.manager_id' in 'on clause' in E:\xampp\htdocs\main\admin\departments.php on line 178
2025-06-24 10:59:03 - Error: SQLSTATE[42S22]: Column not found: 1054 Unknown column 'd.manager_id' in 'on clause' in E:\xampp\htdocs\main\admin\departments.php on line 178
2025-06-24 11:10:01 - Error: SQLSTATE[42S22]: Column not found: 1054 Unknown column 'd.manager_id' in 'on clause' in E:\xampp\htdocs\main\admin\departments.php on line 178
2025-06-24 11:24:37 - Error: SQLSTATE[42S22]: Column not found: 1054 Unknown column 'display_order' in 'order clause' in E:\xampp\htdocs\main\index3.php on line 142
2025-06-24 11:34:48 - Error: SQLSTATE[42S22]: Column not found: 1054 Unknown column 'display_order' in 'order clause' in E:\xampp\htdocs\main\index3.php on line 142
2025-07-01 11:06:01 - Error: Failed to log activity: SQLSTATE[23000]: Integrity constraint violation: 1452 Cannot add or update a child row: a foreign key constraint fails (`thc_hospital`.`activity_logs`, CONSTRAINT `activity_logs_ibfk_1` FOREIGN KEY (`user_id`) REFERENCES `users` (`id`) ON DELETE SET NULL)
2025-07-01 11:06:09 - Error: Failed to log activity: SQLSTATE[23000]: Integrity constraint violation: 1452 Cannot add or update a child row: a foreign key constraint fails (`thc_hospital`.`activity_logs`, CONSTRAINT `activity_logs_ibfk_1` FOREIGN KEY (`user_id`) REFERENCES `users` (`id`) ON DELETE SET NULL)
2025-07-01 11:08:36 - Error: Failed to log activity: SQLSTATE[23000]: Integrity constraint violation: 1452 Cannot add or update a child row: a foreign key constraint fails (`thc_hospital`.`activity_logs`, CONSTRAINT `activity_logs_ibfk_1` FOREIGN KEY (`user_id`) REFERENCES `users` (`id`) ON DELETE SET NULL)
2025-07-01 11:19:52 - Error: Failed to log activity: SQLSTATE[23000]: Integrity constraint violation: 1452 Cannot add or update a child row: a foreign key constraint fails (`thc_hospital`.`activity_logs`, CONSTRAINT `activity_logs_ibfk_1` FOREIGN KEY (`user_id`) REFERENCES `users` (`id`) ON DELETE SET NULL)
2025-07-01 11:24:33 - Error: SQLSTATE[42S02]: Base table or view not found: 1146 Table 'thc_hospital.visits' doesn't exist in E:\xampp\htdocs\main\admin\dashboard.php on line 96
2025-07-01 11:25:06 - Error: SQLSTATE[42S02]: Base table or view not found: 1146 Table 'thc_hospital.visits' doesn't exist in E:\xampp\htdocs\main\admin\dashboard.php on line 96
2025-07-01 11:25:12 - Error: SQLSTATE[42S02]: Base table or view not found: 1146 Table 'thc_hospital.visits' doesn't exist in E:\xampp\htdocs\main\admin\dashboard.php on line 96
2025-07-01 11:25:14 - Error: SQLSTATE[42S02]: Base table or view not found: 1146 Table 'thc_hospital.visits' doesn't exist in E:\xampp\htdocs\main\admin\dashboard.php on line 96
2025-07-01 11:25:19 - Error: SQLSTATE[42S02]: Base table or view not found: 1146 Table 'thc_hospital.visits' doesn't exist in E:\xampp\htdocs\main\admin\dashboard.php on line 96
2025-07-01 11:25:21 - Error: SQLSTATE[42S02]: Base table or view not found: 1146 Table 'thc_hospital.visits' doesn't exist in E:\xampp\htdocs\main\admin\dashboard.php on line 96
2025-07-01 11:25:28 - Error: SQLSTATE[42S02]: Base table or view not found: 1146 Table 'thc_hospital.visits' doesn't exist in E:\xampp\htdocs\main\admin\dashboard.php on line 96
2025-07-01 11:25:36 - Error: SQLSTATE[42S02]: Base table or view not found: 1146 Table 'thc_hospital.visits' doesn't exist in E:\xampp\htdocs\main\admin\dashboard.php on line 96
2025-07-01 11:28:28 - Error: SQLSTATE[42S02]: Base table or view not found: 1146 Table 'thc_hospital.visits' doesn't exist in E:\xampp\htdocs\main\admin\dashboard.php on line 96
2025-07-01 11:28:36 - Error: SQLSTATE[42S02]: Base table or view not found: 1146 Table 'thc_hospital.visits' doesn't exist in E:\xampp\htdocs\main\admin\dashboard.php on line 96
2025-07-01 11:33:25 - Error: SQLSTATE[42S02]: Base table or view not found: 1146 Table 'thc_hospital.visits' doesn't exist in E:\xampp\htdocs\main\admin\dashboard.php on line 96
2025-07-01 11:34:12 - Error: SQLSTATE[42S02]: Base table or view not found: 1146 Table 'thc_hospital.visits' doesn't exist in E:\xampp\htdocs\main\admin\dashboard.php on line 96
2025-07-01 11:35:39 - Error: Failed to log activity: SQLSTATE[23000]: Integrity constraint violation: 1452 Cannot add or update a child row: a foreign key constraint fails (`thc_hospital`.`activity_logs`, CONSTRAINT `activity_logs_ibfk_1` FOREIGN KEY (`user_id`) REFERENCES `users` (`id`) ON DELETE SET NULL)
2025-07-01 11:36:03 - Error: Failed to log activity: SQLSTATE[23000]: Integrity constraint violation: 1452 Cannot add or update a child row: a foreign key constraint fails (`thc_hospital`.`activity_logs`, CONSTRAINT `activity_logs_ibfk_1` FOREIGN KEY (`user_id`) REFERENCES `users` (`id`) ON DELETE SET NULL)
2025-07-01 11:36:33 - Error: SQLSTATE[42S02]: Base table or view not found: 1146 Table 'thc_hospital.visits' doesn't exist in E:\xampp\htdocs\main\admin\dashboard.php on line 96
2025-07-01 11:36:44 - Error: SQLSTATE[42S02]: Base table or view not found: 1146 Table 'thc_hospital.visits' doesn't exist in E:\xampp\htdocs\main\admin\dashboard.php on line 96
2025-07-01 11:50:33 - Error: SQLSTATE[42S02]: Base table or view not found: 1146 Table 'thc_hospital.visits' doesn't exist in E:\xampp\htdocs\main\admin\dashboard.php on line 152
2025-07-01 11:50:57 - Error: SQLSTATE[42S02]: Base table or view not found: 1146 Table 'thc_hospital.visits' doesn't exist in E:\xampp\htdocs\main\admin\dashboard.php on line 96
2025-07-01 11:51:05 - Error: SQLSTATE[42S02]: Base table or view not found: 1146 Table 'thc_hospital.visits' doesn't exist in E:\xampp\htdocs\main\admin\dashboard.php on line 152
2025-07-01 11:53:28 - Error: SQLSTATE[42S02]: Base table or view not found: 1146 Table 'thc_hospital.visits' doesn't exist in E:\xampp\htdocs\main\admin\dashboard.php on line 152
2025-07-01 11:53:32 - Error: SQLSTATE[42S02]: Base table or view not found: 1146 Table 'thc_hospital.visits' doesn't exist in E:\xampp\htdocs\main\admin\dashboard.php on line 152
2025-07-01 11:53:50 - Error: SQLSTATE[42S02]: Base table or view not found: 1146 Table 'thc_hospital.visits' doesn't exist in E:\xampp\htdocs\main\admin\dashboard.php on line 152
2025-07-01 11:54:05 - Error: SQLSTATE[42S02]: Base table or view not found: 1146 Table 'thc_hospital.visits' doesn't exist in E:\xampp\htdocs\main\admin\dashboard.php on line 152
2025-07-01 11:55:04 - Error: SQLSTATE[42S02]: Base table or view not found: 1146 Table 'thc_hospital.visits' doesn't exist in E:\xampp\htdocs\main\admin\dashboard.php on line 152
2025-07-01 11:55:58 - Error: SQLSTATE[42S02]: Base table or view not found: 1146 Table 'thc_hospital.visits' doesn't exist in E:\xampp\htdocs\main\admin\dashboard.php on line 152
2025-07-01 11:56:00 - Error: SQLSTATE[42S02]: Base table or view not found: 1146 Table 'thc_hospital.visits' doesn't exist in E:\xampp\htdocs\main\admin\dashboard.php on line 152
2025-07-01 11:57:08 - Error: SQLSTATE[42S02]: Base table or view not found: 1146 Table 'thc_hospital.visits' doesn't exist in E:\xampp\htdocs\main\admin\dashboard.php on line 152
2025-07-01 11:57:35 - Error: SQLSTATE[42S02]: Base table or view not found: 1146 Table 'thc_hospital.visits' doesn't exist in E:\xampp\htdocs\main\admin\dashboard.php on line 152
2025-07-01 11:57:40 - Error: SQLSTATE[42S02]: Base table or view not found: 1146 Table 'thc_hospital.visits' doesn't exist in E:\xampp\htdocs\main\admin\dashboard.php on line 152
2025-07-01 12:04:35 - Error: SQLSTATE[42S02]: Base table or view not found: 1146 Table 'thc_hospital.visits' doesn't exist in E:\xampp\htdocs\main\admin\dashboard.php on line 152
2025-07-01 12:04:37 - Error: SQLSTATE[42S02]: Base table or view not found: 1146 Table 'thc_hospital.visits' doesn't exist in E:\xampp\htdocs\main\admin\dashboard.php on line 152
2025-07-01 13:37:49 - Error: SQLSTATE[42S02]: Base table or view not found: 1146 Table 'thc_hospital.visits' doesn't exist in E:\xampp\htdocs\main\admin\dashboard.php on line 152
2025-07-01 13:38:00 - Error: SQLSTATE[42S02]: Base table or view not found: 1146 Table 'thc_hospital.visits' doesn't exist in E:\xampp\htdocs\main\admin\dashboard.php on line 152
2025-07-01 13:38:20 - Error: SQLSTATE[42S02]: Base table or view not found: 1146 Table 'thc_hospital.visits' doesn't exist in E:\xampp\htdocs\main\admin\dashboard.php on line 152
2025-07-01 13:38:28 - Error: SQLSTATE[42S02]: Base table or view not found: 1146 Table 'thc_hospital.visits' doesn't exist in E:\xampp\htdocs\main\admin\dashboard.php on line 152
2025-07-01 13:40:27 - Error: SQLSTATE[42S02]: Base table or view not found: 1146 Table 'thc_hospital.visits' doesn't exist in E:\xampp\htdocs\main\admin\dashboard.php on line 152
2025-07-01 13:57:07 - Error: SQLSTATE[42S02]: Base table or view not found: 1146 Table 'thc_hospital.visits' doesn't exist in E:\xampp\htdocs\main\admin\dashboard.php on line 152
2025-07-01 13:58:20 - Error: SQLSTATE[42S02]: Base table or view not found: 1146 Table 'thc_hospital.visits' doesn't exist in E:\xampp\htdocs\main\admin\dashboard.php on line 152
2025-07-01 13:58:40 - Error: SQLSTATE[42S02]: Base table or view not found: 1146 Table 'thc_hospital.visits' doesn't exist in E:\xampp\htdocs\main\admin\dashboard.php on line 152
2025-07-01 13:58:55 - Error: SQLSTATE[42S02]: Base table or view not found: 1146 Table 'thc_hospital.visits' doesn't exist in E:\xampp\htdocs\main\admin\dashboard.php on line 152
2025-07-01 14:00:31 - Error: SQLSTATE[42S02]: Base table or view not found: 1146 Table 'thc_hospital.visits' doesn't exist in E:\xampp\htdocs\main\admin\dashboard.php on line 125
2025-07-01 14:01:22 - Error: SQLSTATE[42S02]: Base table or view not found: 1146 Table 'thc_hospital.visits' doesn't exist in E:\xampp\htdocs\main\admin\dashboard.php on line 117
2025-07-01 14:01:52 - Error: SQLSTATE[42S02]: Base table or view not found: 1146 Table 'thc_hospital.visits' doesn't exist in E:\xampp\htdocs\main\admin\dashboard.php on line 117
2025-07-01 14:04:12 - Error: SQLSTATE[42S02]: Base table or view not found: 1146 Table 'thc_hospital.visits' doesn't exist in E:\xampp\htdocs\main\admin\dashboard.php on line 117
2025-07-01 16:30:29 - Error: SQLSTATE[42S02]: Base table or view not found: 1146 Table 'thc_hospital.visits' doesn't exist in E:\xampp\htdocs\main\admin\dashboard.php on line 117
2025-07-01 23:37:10 - Error: SQLSTATE[42S02]: Base table or view not found: 1146 Table 'thc_hospital.departments' doesn't exist in I:\xampp\htdocs\main\index.php on line 58
2025-07-02 01:10:38 - Error: SQLSTATE[42S02]: Base table or view not found: 1146 Table 'thc_hospital.ita_requests' doesn't exist
2025-07-02 01:10:38 - Error: SQLSTATE[42S02]: Base table or view not found: 1146 Table 'thc_hospital.ita_requests' doesn't exist
2025-07-02 01:10:38 - Error: SQLSTATE[42S02]: Base table or view not found: 1146 Table 'thc_hospital.ita_requests' doesn't exist
2025-07-02 01:10:38 - Error: SQLSTATE[42S02]: Base table or view not found: 1146 Table 'thc_hospital.ita_requests' doesn't exist
2025-07-02 01:10:38 - Error: SQLSTATE[42S02]: Base table or view not found: 1146 Table 'thc_hospital.ita_requests' doesn't exist
2025-07-02 01:10:38 - Error: SQLSTATE[42S02]: Base table or view not found: 1146 Table 'thc_hospital.ita_requests' doesn't exist
2025-07-02 01:23:25 - Error: SQLSTATE[42S02]: Base table or view not found: 1146 Table 'thc_hospital.departments' doesn't exist in I:\xampp\htdocs\main\index.php on line 58
2025-07-02 01:31:13 - Error: SQLSTATE[42S02]: Base table or view not found: 1146 Table 'thc_hospital.departments' doesn't exist in I:\xampp\htdocs\main\index.php on line 58
2025-07-02 01:42:39 - Error: SQLSTATE[42S02]: Base table or view not found: 1146 Table 'thc_hospital.departments' doesn't exist in I:\xampp\htdocs\main\index.php on line 58
2025-07-02 01:45:54 - Error: SQLSTATE[42S02]: Base table or view not found: 1146 Table 'thc_hospital.departments' doesn't exist in I:\xampp\htdocs\main\index.php on line 58
2025-07-02 02:10:05 - Error: SQLSTATE[42S22]: Column not found: 1054 Unknown column 'summary' in 'field list' in I:\xampp\htdocs\main\admin\news.php on line 150
2025-07-02 02:10:33 - Error: SQLSTATE[42S02]: Base table or view not found: 1146 Table 'thc_hospital.ita_requests' doesn't exist
2025-07-02 02:11:06 - Error: SQLSTATE[42S02]: Base table or view not found: 1146 Table 'thc_hospital.ita_requests' doesn't exist
2025-07-02 02:11:20 - Error: SQLSTATE[42S02]: Base table or view not found: 1146 Table 'thc_hospital.ita_requests' doesn't exist
2025-07-02 02:17:45 - Error: SQLSTATE[42S02]: Base table or view not found: 1146 Table 'thc_hospital.ita_requests' doesn't exist
2025-07-02 02:17:45 - Error: SQLSTATE[42S02]: Base table or view not found: 1146 Table 'thc_hospital.ita_requests' doesn't exist
2025-07-02 02:17:45 - Error: SQLSTATE[42S02]: Base table or view not found: 1146 Table 'thc_hospital.ita_requests' doesn't exist
2025-07-02 02:17:45 - Error: SQLSTATE[42S02]: Base table or view not found: 1146 Table 'thc_hospital.ita_requests' doesn't exist
2025-07-02 02:17:45 - Error: SQLSTATE[42S02]: Base table or view not found: 1146 Table 'thc_hospital.ita_requests' doesn't exist
2025-07-02 02:17:45 - Error: SQLSTATE[42S02]: Base table or view not found: 1146 Table 'thc_hospital.ita_requests' doesn't exist
2025-07-02 02:19:05 - Error: SQLSTATE[42S02]: Base table or view not found: 1146 Table 'thc_hospital.ita_requests' doesn't exist
2025-07-02 02:19:05 - Error: SQLSTATE[42S02]: Base table or view not found: 1146 Table 'thc_hospital.ita_requests' doesn't exist
2025-07-02 02:19:05 - Error: SQLSTATE[42S02]: Base table or view not found: 1146 Table 'thc_hospital.ita_requests' doesn't exist
2025-07-02 02:19:05 - Error: SQLSTATE[42S02]: Base table or view not found: 1146 Table 'thc_hospital.ita_requests' doesn't exist
2025-07-02 02:19:05 - Error: SQLSTATE[42S02]: Base table or view not found: 1146 Table 'thc_hospital.ita_requests' doesn't exist
2025-07-02 02:19:05 - Error: SQLSTATE[42S02]: Base table or view not found: 1146 Table 'thc_hospital.ita_requests' doesn't exist
2025-07-02 02:19:14 - Error: SQLSTATE[42S02]: Base table or view not found: 1146 Table 'thc_hospital.ita_requests' doesn't exist
2025-07-02 02:19:14 - Error: SQLSTATE[42S02]: Base table or view not found: 1146 Table 'thc_hospital.ita_requests' doesn't exist
2025-07-02 02:19:14 - Error: SQLSTATE[42S02]: Base table or view not found: 1146 Table 'thc_hospital.ita_requests' doesn't exist
2025-07-02 02:19:14 - Error: SQLSTATE[42S02]: Base table or view not found: 1146 Table 'thc_hospital.ita_requests' doesn't exist
2025-07-02 02:19:14 - Error: SQLSTATE[42S02]: Base table or view not found: 1146 Table 'thc_hospital.ita_requests' doesn't exist
2025-07-02 02:19:14 - Error: SQLSTATE[42S02]: Base table or view not found: 1146 Table 'thc_hospital.ita_requests' doesn't exist
2025-07-02 02:19:15 - Error: SQLSTATE[42S02]: Base table or view not found: 1146 Table 'thc_hospital.ita_requests' doesn't exist
2025-07-02 02:19:15 - Error: SQLSTATE[42S02]: Base table or view not found: 1146 Table 'thc_hospital.ita_requests' doesn't exist
2025-07-02 02:19:15 - Error: SQLSTATE[42S02]: Base table or view not found: 1146 Table 'thc_hospital.ita_requests' doesn't exist
2025-07-02 02:19:15 - Error: SQLSTATE[42S02]: Base table or view not found: 1146 Table 'thc_hospital.ita_requests' doesn't exist
2025-07-02 02:19:15 - Error: SQLSTATE[42S02]: Base table or view not found: 1146 Table 'thc_hospital.ita_requests' doesn't exist
2025-07-02 02:19:15 - Error: SQLSTATE[42S02]: Base table or view not found: 1146 Table 'thc_hospital.ita_requests' doesn't exist
2025-07-02 02:19:20 - Error: SQLSTATE[42S02]: Base table or view not found: 1146 Table 'thc_hospital.ita_requests' doesn't exist
2025-07-02 02:19:20 - Error: SQLSTATE[42S02]: Base table or view not found: 1146 Table 'thc_hospital.ita_requests' doesn't exist
2025-07-02 02:19:20 - Error: SQLSTATE[42S02]: Base table or view not found: 1146 Table 'thc_hospital.ita_requests' doesn't exist
2025-07-02 02:19:20 - Error: SQLSTATE[42S02]: Base table or view not found: 1146 Table 'thc_hospital.ita_requests' doesn't exist
2025-07-02 02:19:20 - Error: SQLSTATE[42S02]: Base table or view not found: 1146 Table 'thc_hospital.ita_requests' doesn't exist
2025-07-02 02:19:20 - Error: SQLSTATE[42S02]: Base table or view not found: 1146 Table 'thc_hospital.ita_requests' doesn't exist
2025-07-02 02:19:27 - Error: SQLSTATE[42S02]: Base table or view not found: 1146 Table 'thc_hospital.appointments' doesn't exist in I:\xampp\htdocs\main\staff\dashboard.php on line 71
2025-07-02 02:19:30 - Error: SQLSTATE[42S02]: Base table or view not found: 1146 Table 'thc_hospital.departments' doesn't exist in I:\xampp\htdocs\main\index.php on line 58
2025-07-02 02:19:39 - Error: SQLSTATE[42S02]: Base table or view not found: 1146 Table 'thc_hospital.ita_requests' doesn't exist
2025-07-02 02:19:39 - Error: SQLSTATE[42S02]: Base table or view not found: 1146 Table 'thc_hospital.ita_requests' doesn't exist
2025-07-02 02:19:39 - Error: SQLSTATE[42S02]: Base table or view not found: 1146 Table 'thc_hospital.ita_requests' doesn't exist
2025-07-02 02:19:39 - Error: SQLSTATE[42S02]: Base table or view not found: 1146 Table 'thc_hospital.ita_requests' doesn't exist
2025-07-02 02:19:39 - Error: SQLSTATE[42S02]: Base table or view not found: 1146 Table 'thc_hospital.ita_requests' doesn't exist
2025-07-02 02:19:39 - Error: SQLSTATE[42S02]: Base table or view not found: 1146 Table 'thc_hospital.ita_requests' doesn't exist
2025-07-02 02:23:12 - Error: SQLSTATE[42S02]: Base table or view not found: 1146 Table 'thc_hospital.ita_requests' doesn't exist
2025-07-02 02:23:12 - Error: SQLSTATE[42S02]: Base table or view not found: 1146 Table 'thc_hospital.ita_requests' doesn't exist
2025-07-02 02:23:12 - Error: SQLSTATE[42S02]: Base table or view not found: 1146 Table 'thc_hospital.ita_requests' doesn't exist
2025-07-02 02:23:12 - Error: SQLSTATE[42S02]: Base table or view not found: 1146 Table 'thc_hospital.ita_requests' doesn't exist
2025-07-02 02:23:12 - Error: SQLSTATE[42S02]: Base table or view not found: 1146 Table 'thc_hospital.ita_requests' doesn't exist
2025-07-02 02:23:12 - Error: SQLSTATE[42S02]: Base table or view not found: 1146 Table 'thc_hospital.ita_requests' doesn't exist
2025-07-02 02:27:54 - Error: SQLSTATE[42S02]: Base table or view not found: 1146 Table 'thc_hospital.ita_requests' doesn't exist
2025-07-02 02:27:54 - Error: SQLSTATE[42S02]: Base table or view not found: 1146 Table 'thc_hospital.ita_requests' doesn't exist
2025-07-02 02:27:54 - Error: SQLSTATE[42S02]: Base table or view not found: 1146 Table 'thc_hospital.ita_requests' doesn't exist
2025-07-02 02:27:54 - Error: SQLSTATE[42S02]: Base table or view not found: 1146 Table 'thc_hospital.ita_requests' doesn't exist
2025-07-02 02:27:54 - Error: SQLSTATE[42S02]: Base table or view not found: 1146 Table 'thc_hospital.ita_requests' doesn't exist
2025-07-02 02:27:54 - Error: SQLSTATE[42S02]: Base table or view not found: 1146 Table 'thc_hospital.ita_requests' doesn't exist
2025-07-02 02:27:57 - Error: SQLSTATE[42S02]: Base table or view not found: 1146 Table 'thc_hospital.ita_requests' doesn't exist
2025-07-02 02:27:57 - Error: SQLSTATE[42S02]: Base table or view not found: 1146 Table 'thc_hospital.ita_requests' doesn't exist
2025-07-02 02:27:57 - Error: SQLSTATE[42S02]: Base table or view not found: 1146 Table 'thc_hospital.ita_requests' doesn't exist
2025-07-02 02:27:57 - Error: SQLSTATE[42S02]: Base table or view not found: 1146 Table 'thc_hospital.ita_requests' doesn't exist
2025-07-02 02:27:57 - Error: SQLSTATE[42S02]: Base table or view not found: 1146 Table 'thc_hospital.ita_requests' doesn't exist
2025-07-02 02:27:57 - Error: SQLSTATE[42S02]: Base table or view not found: 1146 Table 'thc_hospital.ita_requests' doesn't exist
2025-07-02 02:27:58 - Error: SQLSTATE[42S02]: Base table or view not found: 1146 Table 'thc_hospital.ita_requests' doesn't exist
2025-07-02 02:27:58 - Error: SQLSTATE[42S02]: Base table or view not found: 1146 Table 'thc_hospital.ita_requests' doesn't exist
2025-07-02 02:27:58 - Error: SQLSTATE[42S02]: Base table or view not found: 1146 Table 'thc_hospital.ita_requests' doesn't exist
2025-07-02 02:27:58 - Error: SQLSTATE[42S02]: Base table or view not found: 1146 Table 'thc_hospital.ita_requests' doesn't exist
2025-07-02 02:27:58 - Error: SQLSTATE[42S02]: Base table or view not found: 1146 Table 'thc_hospital.ita_requests' doesn't exist
2025-07-02 02:27:58 - Error: SQLSTATE[42S02]: Base table or view not found: 1146 Table 'thc_hospital.ita_requests' doesn't exist
2025-07-02 02:28:03 - Error: SQLSTATE[42S02]: Base table or view not found: 1146 Table 'thc_hospital.ita_requests' doesn't exist
2025-07-02 02:28:03 - Error: SQLSTATE[42S02]: Base table or view not found: 1146 Table 'thc_hospital.ita_requests' doesn't exist
2025-07-02 02:28:03 - Error: SQLSTATE[42S02]: Base table or view not found: 1146 Table 'thc_hospital.ita_requests' doesn't exist
2025-07-02 02:28:03 - Error: SQLSTATE[42S02]: Base table or view not found: 1146 Table 'thc_hospital.ita_requests' doesn't exist
2025-07-02 02:28:03 - Error: SQLSTATE[42S02]: Base table or view not found: 1146 Table 'thc_hospital.ita_requests' doesn't exist
2025-07-02 02:28:03 - Error: SQLSTATE[42S02]: Base table or view not found: 1146 Table 'thc_hospital.ita_requests' doesn't exist
2025-07-02 02:30:02 - Error: SQLSTATE[42S02]: Base table or view not found: 1146 Table 'thc_hospital.ita_requests' doesn't exist
2025-07-02 02:30:02 - Error: SQLSTATE[42S02]: Base table or view not found: 1146 Table 'thc_hospital.ita_requests' doesn't exist
2025-07-02 02:30:02 - Error: SQLSTATE[42S02]: Base table or view not found: 1146 Table 'thc_hospital.ita_requests' doesn't exist
2025-07-02 02:30:02 - Error: SQLSTATE[42S02]: Base table or view not found: 1146 Table 'thc_hospital.ita_requests' doesn't exist
2025-07-02 02:30:02 - Error: SQLSTATE[42S02]: Base table or view not found: 1146 Table 'thc_hospital.ita_requests' doesn't exist
2025-07-02 02:30:02 - Error: SQLSTATE[42S02]: Base table or view not found: 1146 Table 'thc_hospital.ita_requests' doesn't exist
2025-07-02 02:30:03 - Error: SQLSTATE[42S02]: Base table or view not found: 1146 Table 'thc_hospital.ita_requests' doesn't exist
2025-07-02 02:30:03 - Error: SQLSTATE[42S02]: Base table or view not found: 1146 Table 'thc_hospital.ita_requests' doesn't exist
2025-07-02 02:30:03 - Error: SQLSTATE[42S02]: Base table or view not found: 1146 Table 'thc_hospital.ita_requests' doesn't exist
2025-07-02 02:30:03 - Error: SQLSTATE[42S02]: Base table or view not found: 1146 Table 'thc_hospital.ita_requests' doesn't exist
2025-07-02 02:30:03 - Error: SQLSTATE[42S02]: Base table or view not found: 1146 Table 'thc_hospital.ita_requests' doesn't exist
2025-07-02 02:30:03 - Error: SQLSTATE[42S02]: Base table or view not found: 1146 Table 'thc_hospital.ita_requests' doesn't exist
2025-07-02 02:30:06 - Error: SQLSTATE[42S02]: Base table or view not found: 1146 Table 'thc_hospital.ita_requests' doesn't exist
2025-07-02 02:30:06 - Error: SQLSTATE[42S02]: Base table or view not found: 1146 Table 'thc_hospital.ita_requests' doesn't exist
2025-07-02 02:30:06 - Error: SQLSTATE[42S02]: Base table or view not found: 1146 Table 'thc_hospital.ita_requests' doesn't exist
2025-07-02 02:30:06 - Error: SQLSTATE[42S02]: Base table or view not found: 1146 Table 'thc_hospital.ita_requests' doesn't exist
2025-07-02 02:30:06 - Error: SQLSTATE[42S02]: Base table or view not found: 1146 Table 'thc_hospital.ita_requests' doesn't exist
2025-07-02 02:30:06 - Error: SQLSTATE[42S02]: Base table or view not found: 1146 Table 'thc_hospital.ita_requests' doesn't exist
2025-07-02 02:30:08 - Error: SQLSTATE[42S02]: Base table or view not found: 1146 Table 'thc_hospital.ita_requests' doesn't exist
2025-07-02 02:30:08 - Error: SQLSTATE[42S02]: Base table or view not found: 1146 Table 'thc_hospital.ita_requests' doesn't exist
2025-07-02 02:30:08 - Error: SQLSTATE[42S02]: Base table or view not found: 1146 Table 'thc_hospital.ita_requests' doesn't exist
2025-07-02 02:30:08 - Error: SQLSTATE[42S02]: Base table or view not found: 1146 Table 'thc_hospital.ita_requests' doesn't exist
2025-07-02 02:30:08 - Error: SQLSTATE[42S02]: Base table or view not found: 1146 Table 'thc_hospital.ita_requests' doesn't exist
2025-07-02 02:30:08 - Error: SQLSTATE[42S02]: Base table or view not found: 1146 Table 'thc_hospital.ita_requests' doesn't exist
2025-07-02 02:30:09 - Error: SQLSTATE[42S02]: Base table or view not found: 1146 Table 'thc_hospital.ita_requests' doesn't exist
2025-07-02 02:30:09 - Error: SQLSTATE[42S02]: Base table or view not found: 1146 Table 'thc_hospital.ita_requests' doesn't exist
2025-07-02 02:30:09 - Error: SQLSTATE[42S02]: Base table or view not found: 1146 Table 'thc_hospital.ita_requests' doesn't exist
2025-07-02 02:30:09 - Error: SQLSTATE[42S02]: Base table or view not found: 1146 Table 'thc_hospital.ita_requests' doesn't exist
2025-07-02 02:30:09 - Error: SQLSTATE[42S02]: Base table or view not found: 1146 Table 'thc_hospital.ita_requests' doesn't exist
2025-07-02 02:30:09 - Error: SQLSTATE[42S02]: Base table or view not found: 1146 Table 'thc_hospital.ita_requests' doesn't exist
2025-07-02 02:30:10 - Error: SQLSTATE[42S02]: Base table or view not found: 1146 Table 'thc_hospital.ita_requests' doesn't exist
2025-07-02 02:30:10 - Error: SQLSTATE[42S02]: Base table or view not found: 1146 Table 'thc_hospital.ita_requests' doesn't exist
2025-07-02 02:30:10 - Error: SQLSTATE[42S02]: Base table or view not found: 1146 Table 'thc_hospital.ita_requests' doesn't exist
2025-07-02 02:30:10 - Error: SQLSTATE[42S02]: Base table or view not found: 1146 Table 'thc_hospital.ita_requests' doesn't exist
2025-07-02 02:30:10 - Error: SQLSTATE[42S02]: Base table or view not found: 1146 Table 'thc_hospital.ita_requests' doesn't exist
2025-07-02 02:30:10 - Error: SQLSTATE[42S02]: Base table or view not found: 1146 Table 'thc_hospital.ita_requests' doesn't exist
2025-07-02 02:30:10 - Error: SQLSTATE[42S02]: Base table or view not found: 1146 Table 'thc_hospital.ita_requests' doesn't exist
2025-07-02 02:30:10 - Error: SQLSTATE[42S02]: Base table or view not found: 1146 Table 'thc_hospital.ita_requests' doesn't exist
2025-07-02 02:30:10 - Error: SQLSTATE[42S02]: Base table or view not found: 1146 Table 'thc_hospital.ita_requests' doesn't exist
2025-07-02 02:30:10 - Error: SQLSTATE[42S02]: Base table or view not found: 1146 Table 'thc_hospital.ita_requests' doesn't exist
2025-07-02 02:30:10 - Error: SQLSTATE[42S02]: Base table or view not found: 1146 Table 'thc_hospital.ita_requests' doesn't exist
2025-07-02 02:30:10 - Error: SQLSTATE[42S02]: Base table or view not found: 1146 Table 'thc_hospital.ita_requests' doesn't exist
2025-07-02 02:30:13 - Error: SQLSTATE[42S02]: Base table or view not found: 1146 Table 'thc_hospital.ita_requests' doesn't exist
2025-07-02 02:30:13 - Error: SQLSTATE[42S02]: Base table or view not found: 1146 Table 'thc_hospital.ita_requests' doesn't exist
2025-07-02 02:30:13 - Error: SQLSTATE[42S02]: Base table or view not found: 1146 Table 'thc_hospital.ita_requests' doesn't exist
2025-07-02 02:30:13 - Error: SQLSTATE[42S02]: Base table or view not found: 1146 Table 'thc_hospital.ita_requests' doesn't exist
2025-07-02 02:30:13 - Error: SQLSTATE[42S02]: Base table or view not found: 1146 Table 'thc_hospital.ita_requests' doesn't exist
2025-07-02 02:30:13 - Error: SQLSTATE[42S02]: Base table or view not found: 1146 Table 'thc_hospital.ita_requests' doesn't exist
2025-07-02 02:30:56 - Error: SQLSTATE[42S02]: Base table or view not found: 1146 Table 'thc_hospital.ita_requests' doesn't exist
2025-07-02 02:30:56 - Error: SQLSTATE[42S02]: Base table or view not found: 1146 Table 'thc_hospital.ita_requests' doesn't exist
2025-07-02 02:30:56 - Error: SQLSTATE[42S02]: Base table or view not found: 1146 Table 'thc_hospital.ita_requests' doesn't exist
2025-07-02 02:30:56 - Error: SQLSTATE[42S02]: Base table or view not found: 1146 Table 'thc_hospital.ita_requests' doesn't exist
2025-07-02 02:30:56 - Error: SQLSTATE[42S02]: Base table or view not found: 1146 Table 'thc_hospital.ita_requests' doesn't exist
2025-07-02 02:30:56 - Error: SQLSTATE[42S02]: Base table or view not found: 1146 Table 'thc_hospital.ita_requests' doesn't exist
2025-07-02 02:30:57 - Error: SQLSTATE[42S02]: Base table or view not found: 1146 Table 'thc_hospital.ita_requests' doesn't exist
2025-07-02 02:30:57 - Error: SQLSTATE[42S02]: Base table or view not found: 1146 Table 'thc_hospital.ita_requests' doesn't exist
2025-07-02 02:30:57 - Error: SQLSTATE[42S02]: Base table or view not found: 1146 Table 'thc_hospital.ita_requests' doesn't exist
2025-07-02 02:30:57 - Error: SQLSTATE[42S02]: Base table or view not found: 1146 Table 'thc_hospital.ita_requests' doesn't exist
2025-07-02 02:30:57 - Error: SQLSTATE[42S02]: Base table or view not found: 1146 Table 'thc_hospital.ita_requests' doesn't exist
2025-07-02 02:30:57 - Error: SQLSTATE[42S02]: Base table or view not found: 1146 Table 'thc_hospital.ita_requests' doesn't exist
2025-07-02 02:30:57 - Error: SQLSTATE[42S02]: Base table or view not found: 1146 Table 'thc_hospital.ita_requests' doesn't exist
2025-07-02 02:30:57 - Error: SQLSTATE[42S02]: Base table or view not found: 1146 Table 'thc_hospital.ita_requests' doesn't exist
2025-07-02 02:30:57 - Error: SQLSTATE[42S02]: Base table or view not found: 1146 Table 'thc_hospital.ita_requests' doesn't exist
2025-07-02 02:30:57 - Error: SQLSTATE[42S02]: Base table or view not found: 1146 Table 'thc_hospital.ita_requests' doesn't exist
2025-07-02 02:30:57 - Error: SQLSTATE[42S02]: Base table or view not found: 1146 Table 'thc_hospital.ita_requests' doesn't exist
2025-07-02 02:30:57 - Error: SQLSTATE[42S02]: Base table or view not found: 1146 Table 'thc_hospital.ita_requests' doesn't exist
2025-07-02 02:33:38 - Error: SQLSTATE[42S02]: Base table or view not found: 1146 Table 'thc_hospital.ita_requests' doesn't exist
2025-07-02 02:33:38 - Error: SQLSTATE[42S02]: Base table or view not found: 1146 Table 'thc_hospital.ita_requests' doesn't exist
2025-07-02 02:33:38 - Error: SQLSTATE[42S02]: Base table or view not found: 1146 Table 'thc_hospital.ita_requests' doesn't exist
2025-07-02 02:33:38 - Error: SQLSTATE[42S02]: Base table or view not found: 1146 Table 'thc_hospital.ita_requests' doesn't exist
2025-07-02 02:33:38 - Error: SQLSTATE[42S02]: Base table or view not found: 1146 Table 'thc_hospital.ita_requests' doesn't exist
2025-07-02 02:33:38 - Error: SQLSTATE[42S02]: Base table or view not found: 1146 Table 'thc_hospital.ita_requests' doesn't exist
2025-07-02 02:33:48 - Error: SQLSTATE[42S02]: Base table or view not found: 1146 Table 'thc_hospital.ita_requests' doesn't exist
2025-07-02 02:33:48 - Error: SQLSTATE[42S02]: Base table or view not found: 1146 Table 'thc_hospital.ita_requests' doesn't exist
2025-07-02 02:33:48 - Error: SQLSTATE[42S02]: Base table or view not found: 1146 Table 'thc_hospital.ita_requests' doesn't exist
2025-07-02 02:33:48 - Error: SQLSTATE[42S02]: Base table or view not found: 1146 Table 'thc_hospital.ita_requests' doesn't exist
2025-07-02 02:33:48 - Error: SQLSTATE[42S02]: Base table or view not found: 1146 Table 'thc_hospital.ita_requests' doesn't exist
2025-07-02 02:33:48 - Error: SQLSTATE[42S02]: Base table or view not found: 1146 Table 'thc_hospital.ita_requests' doesn't exist
2025-07-02 02:35:29 - Error: SQLSTATE[42S02]: Base table or view not found: 1146 Table 'thc_hospital.ita_requests' doesn't exist
2025-07-02 02:35:29 - Error: SQLSTATE[42S02]: Base table or view not found: 1146 Table 'thc_hospital.ita_requests' doesn't exist
2025-07-02 02:35:29 - Error: SQLSTATE[42S02]: Base table or view not found: 1146 Table 'thc_hospital.ita_requests' doesn't exist
2025-07-02 02:35:29 - Error: SQLSTATE[42S02]: Base table or view not found: 1146 Table 'thc_hospital.ita_requests' doesn't exist
2025-07-02 02:35:29 - Error: SQLSTATE[42S02]: Base table or view not found: 1146 Table 'thc_hospital.ita_requests' doesn't exist
2025-07-02 02:35:29 - Error: SQLSTATE[42S02]: Base table or view not found: 1146 Table 'thc_hospital.ita_requests' doesn't exist
2025-07-02 02:35:31 - Error: SQLSTATE[42S02]: Base table or view not found: 1146 Table 'thc_hospital.ita_requests' doesn't exist
2025-07-02 02:35:31 - Error: SQLSTATE[42S02]: Base table or view not found: 1146 Table 'thc_hospital.ita_requests' doesn't exist
2025-07-02 02:35:31 - Error: SQLSTATE[42S02]: Base table or view not found: 1146 Table 'thc_hospital.ita_requests' doesn't exist
2025-07-02 02:35:31 - Error: SQLSTATE[42S02]: Base table or view not found: 1146 Table 'thc_hospital.ita_requests' doesn't exist
2025-07-02 02:35:31 - Error: SQLSTATE[42S02]: Base table or view not found: 1146 Table 'thc_hospital.ita_requests' doesn't exist
2025-07-02 02:35:31 - Error: SQLSTATE[42S02]: Base table or view not found: 1146 Table 'thc_hospital.ita_requests' doesn't exist
2025-07-02 02:35:32 - Error: SQLSTATE[42S02]: Base table or view not found: 1146 Table 'thc_hospital.ita_requests' doesn't exist
2025-07-02 02:35:32 - Error: SQLSTATE[42S02]: Base table or view not found: 1146 Table 'thc_hospital.ita_requests' doesn't exist
2025-07-02 02:35:32 - Error: SQLSTATE[42S02]: Base table or view not found: 1146 Table 'thc_hospital.ita_requests' doesn't exist
2025-07-02 02:35:32 - Error: SQLSTATE[42S02]: Base table or view not found: 1146 Table 'thc_hospital.ita_requests' doesn't exist
2025-07-02 02:35:32 - Error: SQLSTATE[42S02]: Base table or view not found: 1146 Table 'thc_hospital.ita_requests' doesn't exist
2025-07-02 02:35:32 - Error: SQLSTATE[42S02]: Base table or view not found: 1146 Table 'thc_hospital.ita_requests' doesn't exist
2025-07-02 02:35:36 - Error: SQLSTATE[42S02]: Base table or view not found: 1146 Table 'thc_hospital.ita_requests' doesn't exist
2025-07-02 02:35:36 - Error: SQLSTATE[42S02]: Base table or view not found: 1146 Table 'thc_hospital.ita_requests' doesn't exist
2025-07-02 02:35:36 - Error: SQLSTATE[42S02]: Base table or view not found: 1146 Table 'thc_hospital.ita_requests' doesn't exist
2025-07-02 02:35:36 - Error: SQLSTATE[42S02]: Base table or view not found: 1146 Table 'thc_hospital.ita_requests' doesn't exist
2025-07-02 02:35:36 - Error: SQLSTATE[42S02]: Base table or view not found: 1146 Table 'thc_hospital.ita_requests' doesn't exist
2025-07-02 02:35:36 - Error: SQLSTATE[42S02]: Base table or view not found: 1146 Table 'thc_hospital.ita_requests' doesn't exist
2025-07-02 02:35:43 - Error: SQLSTATE[42S02]: Base table or view not found: 1146 Table 'thc_hospital.ita_requests' doesn't exist
2025-07-02 02:35:43 - Error: SQLSTATE[42S02]: Base table or view not found: 1146 Table 'thc_hospital.ita_requests' doesn't exist
2025-07-02 02:35:43 - Error: SQLSTATE[42S02]: Base table or view not found: 1146 Table 'thc_hospital.ita_requests' doesn't exist
2025-07-02 02:35:43 - Error: SQLSTATE[42S02]: Base table or view not found: 1146 Table 'thc_hospital.ita_requests' doesn't exist
2025-07-02 02:35:43 - Error: SQLSTATE[42S02]: Base table or view not found: 1146 Table 'thc_hospital.ita_requests' doesn't exist
2025-07-02 02:35:43 - Error: SQLSTATE[42S02]: Base table or view not found: 1146 Table 'thc_hospital.ita_requests' doesn't exist
2025-07-02 02:35:59 - Error: SQLSTATE[42S02]: Base table or view not found: 1146 Table 'thc_hospital.departments' doesn't exist in I:\xampp\htdocs\main\index.php on line 58
2025-07-02 02:36:07 - Error: SQLSTATE[42S02]: Base table or view not found: 1146 Table 'thc_hospital.ita_requests' doesn't exist
2025-07-02 02:36:07 - Error: SQLSTATE[42S02]: Base table or view not found: 1146 Table 'thc_hospital.ita_requests' doesn't exist
2025-07-02 02:36:07 - Error: SQLSTATE[42S02]: Base table or view not found: 1146 Table 'thc_hospital.ita_requests' doesn't exist
2025-07-02 02:36:07 - Error: SQLSTATE[42S02]: Base table or view not found: 1146 Table 'thc_hospital.ita_requests' doesn't exist
2025-07-02 02:36:07 - Error: SQLSTATE[42S02]: Base table or view not found: 1146 Table 'thc_hospital.ita_requests' doesn't exist
2025-07-02 02:36:07 - Error: SQLSTATE[42S02]: Base table or view not found: 1146 Table 'thc_hospital.ita_requests' doesn't exist
2025-07-02 02:36:54 - Error: SQLSTATE[42S02]: Base table or view not found: 1146 Table 'thc_hospital.ita_requests' doesn't exist
2025-07-02 02:36:54 - Error: SQLSTATE[42S02]: Base table or view not found: 1146 Table 'thc_hospital.ita_requests' doesn't exist
2025-07-02 02:36:54 - Error: SQLSTATE[42S02]: Base table or view not found: 1146 Table 'thc_hospital.ita_requests' doesn't exist
2025-07-02 02:36:54 - Error: SQLSTATE[42S02]: Base table or view not found: 1146 Table 'thc_hospital.ita_requests' doesn't exist
2025-07-02 02:36:54 - Error: SQLSTATE[42S02]: Base table or view not found: 1146 Table 'thc_hospital.ita_requests' doesn't exist
2025-07-02 02:36:54 - Error: SQLSTATE[42S02]: Base table or view not found: 1146 Table 'thc_hospital.ita_requests' doesn't exist
2025-07-02 02:38:39 - Error: SQLSTATE[42S22]: Column not found: 1054 Unknown column 'summary' in 'field list' in I:\xampp\htdocs\main\admin\news.php on line 150
2025-07-02 02:39:24 - Error: SQLSTATE[42S02]: Base table or view not found: 1146 Table 'thc_hospital.ita_requests' doesn't exist
2025-07-02 02:39:24 - Error: SQLSTATE[42S02]: Base table or view not found: 1146 Table 'thc_hospital.ita_requests' doesn't exist
2025-07-02 02:39:24 - Error: SQLSTATE[42S02]: Base table or view not found: 1146 Table 'thc_hospital.ita_requests' doesn't exist
2025-07-02 02:39:24 - Error: SQLSTATE[42S02]: Base table or view not found: 1146 Table 'thc_hospital.ita_requests' doesn't exist
2025-07-02 02:39:24 - Error: SQLSTATE[42S02]: Base table or view not found: 1146 Table 'thc_hospital.ita_requests' doesn't exist
2025-07-02 02:39:24 - Error: SQLSTATE[42S02]: Base table or view not found: 1146 Table 'thc_hospital.ita_requests' doesn't exist
2025-07-02 02:39:26 - Error: SQLSTATE[42S02]: Base table or view not found: 1146 Table 'thc_hospital.ita_requests' doesn't exist
2025-07-02 02:39:26 - Error: SQLSTATE[42S02]: Base table or view not found: 1146 Table 'thc_hospital.ita_requests' doesn't exist
2025-07-02 02:39:26 - Error: SQLSTATE[42S02]: Base table or view not found: 1146 Table 'thc_hospital.ita_requests' doesn't exist
2025-07-02 02:39:26 - Error: SQLSTATE[42S02]: Base table or view not found: 1146 Table 'thc_hospital.ita_requests' doesn't exist
2025-07-02 02:39:26 - Error: SQLSTATE[42S02]: Base table or view not found: 1146 Table 'thc_hospital.ita_requests' doesn't exist
2025-07-02 02:39:26 - Error: SQLSTATE[42S02]: Base table or view not found: 1146 Table 'thc_hospital.ita_requests' doesn't exist
2025-07-02 02:40:03 - Error: SQLSTATE[42S02]: Base table or view not found: 1146 Table 'thc_hospital.departments' doesn't exist in I:\xampp\htdocs\main\index.php on line 58
2025-07-02 02:44:38 - Error: SQLSTATE[42S02]: Base table or view not found: 1146 Table 'thc_hospital.ita_requests' doesn't exist
2025-07-02 02:44:38 - Error: SQLSTATE[42S02]: Base table or view not found: 1146 Table 'thc_hospital.ita_requests' doesn't exist
2025-07-02 02:44:38 - Error: SQLSTATE[42S02]: Base table or view not found: 1146 Table 'thc_hospital.ita_requests' doesn't exist
2025-07-02 02:44:38 - Error: SQLSTATE[42S02]: Base table or view not found: 1146 Table 'thc_hospital.ita_requests' doesn't exist
2025-07-02 02:44:38 - Error: SQLSTATE[42S02]: Base table or view not found: 1146 Table 'thc_hospital.ita_requests' doesn't exist
2025-07-02 02:44:38 - Error: SQLSTATE[42S02]: Base table or view not found: 1146 Table 'thc_hospital.ita_requests' doesn't exist
2025-07-02 02:48:07 - Error: SQLSTATE[42S02]: Base table or view not found: 1146 Table 'thc_hospital.departments' doesn't exist in I:\xampp\htdocs\main\index.php on line 58
2025-07-02 09:42:38 - Error: SQLSTATE[42S02]: Base table or view not found: 1146 Table 'thc_hospital.ita_requests' doesn't exist
2025-07-02 09:42:38 - Error: SQLSTATE[42S02]: Base table or view not found: 1146 Table 'thc_hospital.ita_requests' doesn't exist
2025-07-02 09:42:38 - Error: SQLSTATE[42S02]: Base table or view not found: 1146 Table 'thc_hospital.ita_requests' doesn't exist
2025-07-02 09:42:38 - Error: SQLSTATE[42S02]: Base table or view not found: 1146 Table 'thc_hospital.ita_requests' doesn't exist
2025-07-02 09:42:38 - Error: SQLSTATE[42S02]: Base table or view not found: 1146 Table 'thc_hospital.ita_requests' doesn't exist
2025-07-02 09:42:38 - Error: SQLSTATE[42S02]: Base table or view not found: 1146 Table 'thc_hospital.ita_requests' doesn't exist
2025-07-02 09:42:45 - Error: SQLSTATE[42S02]: Base table or view not found: 1146 Table 'thc_hospital.system_config' doesn't exist
2025-07-02 09:42:45 - Error: SQLSTATE[42S02]: Base table or view not found: 1146 Table 'thc_hospital.system_config' doesn't exist
2025-07-02 09:42:45 - Error: SQLSTATE[42S02]: Base table or view not found: 1146 Table 'thc_hospital.system_config' doesn't exist
2025-07-02 10:38:41 - Error: SQLSTATE[42S02]: Base table or view not found: 1146 Table 'thc_hospital.ita_requests' doesn't exist
2025-07-02 10:38:41 - Error: SQLSTATE[42S02]: Base table or view not found: 1146 Table 'thc_hospital.ita_requests' doesn't exist
2025-07-02 10:38:41 - Error: SQLSTATE[42S02]: Base table or view not found: 1146 Table 'thc_hospital.ita_requests' doesn't exist
2025-07-02 10:38:41 - Error: SQLSTATE[42S02]: Base table or view not found: 1146 Table 'thc_hospital.ita_requests' doesn't exist
2025-07-02 10:38:41 - Error: SQLSTATE[42S02]: Base table or view not found: 1146 Table 'thc_hospital.ita_requests' doesn't exist
2025-07-02 10:38:41 - Error: SQLSTATE[42S02]: Base table or view not found: 1146 Table 'thc_hospital.ita_requests' doesn't exist
2025-07-02 10:39:41 - Error: SQLSTATE[42S02]: Base table or view not found: 1146 Table 'thc_hospital.ita_requests' doesn't exist
2025-07-02 10:39:41 - Error: SQLSTATE[42S02]: Base table or view not found: 1146 Table 'thc_hospital.ita_requests' doesn't exist
2025-07-02 10:39:41 - Error: SQLSTATE[42S02]: Base table or view not found: 1146 Table 'thc_hospital.ita_requests' doesn't exist
2025-07-02 10:39:41 - Error: SQLSTATE[42S02]: Base table or view not found: 1146 Table 'thc_hospital.ita_requests' doesn't exist
2025-07-02 10:39:41 - Error: SQLSTATE[42S02]: Base table or view not found: 1146 Table 'thc_hospital.ita_requests' doesn't exist
2025-07-02 10:39:41 - Error: SQLSTATE[42S02]: Base table or view not found: 1146 Table 'thc_hospital.ita_requests' doesn't exist
2025-07-02 11:11:12 - Error: SQLSTATE[42S02]: Base table or view not found: 1146 Table 'thc_hospital.ita_requests' doesn't exist
2025-07-02 11:11:12 - Error: SQLSTATE[42S02]: Base table or view not found: 1146 Table 'thc_hospital.ita_requests' doesn't exist
2025-07-02 11:11:12 - Error: SQLSTATE[42S02]: Base table or view not found: 1146 Table 'thc_hospital.ita_requests' doesn't exist
2025-07-02 11:11:12 - Error: SQLSTATE[42S02]: Base table or view not found: 1146 Table 'thc_hospital.ita_requests' doesn't exist
2025-07-02 11:11:12 - Error: SQLSTATE[42S02]: Base table or view not found: 1146 Table 'thc_hospital.ita_requests' doesn't exist
2025-07-02 11:11:12 - Error: SQLSTATE[42S02]: Base table or view not found: 1146 Table 'thc_hospital.ita_requests' doesn't exist
2025-07-02 12:01:50 - Error: SQLSTATE[42S22]: Column not found: 1054 Unknown column 'attachment_url' in 'field list' in E:\xampp\htdocs\main\admin\ita.php on line 346
2025-07-02 12:02:52 - Error: SQLSTATE[42S22]: Column not found: 1054 Unknown column 'attachment_url' in 'field list' in E:\xampp\htdocs\main\admin\ita.php on line 346
2025-07-02 12:05:15 - Error: SQLSTATE[42S22]: Column not found: 1054 Unknown column 'attachment_url' in 'field list' in E:\xampp\htdocs\main\admin\ita.php on line 346
2025-07-02 12:09:47 - Error: SQLSTATE[42S22]: Column not found: 1054 Unknown column 'attachment_url' in 'field list' in E:\xampp\htdocs\main\admin\ita.php on line 346
2025-07-02 12:10:00 - Error: SQLSTATE[42S22]: Column not found: 1054 Unknown column 'attachment_url' in 'field list' in E:\xampp\htdocs\main\admin\ita.php on line 346
2025-07-02 12:26:21 - Error: SQLSTATE[42S22]: Column not found: 1054 Unknown column 'attachment_url' in 'field list' in E:\xampp\htdocs\main\admin\ita.php on line 346
2025-07-03 10:03:52 - Error: SQLSTATE[42S22]: Column not found: 1054 Unknown column 'attachment_url' in 'field list' in E:\xampp\htdocs\main\admin\ita.php on line 346
2025-07-03 10:04:51 - Error: SQLSTATE[42S22]: Column not found: 1054 Unknown column 'attachment_url' in 'field list' in E:\xampp\htdocs\main\admin\ita.php on line 346
2025-07-03 10:10:36 - Error: SQLSTATE[42S22]: Column not found: 1054 Unknown column 'attachment_url' in 'field list' in E:\xampp\htdocs\main\admin\ita.php on line 346
2025-07-03 13:30:42 - Error: SQLSTATE[42S22]: Column not found: 1054 Unknown column 'attachment_url' in 'field list' in E:\xampp\htdocs\main\admin\ita.php on line 346
2025-07-03 13:52:22 - Error: SQLSTATE[42S22]: Column not found: 1054 Unknown column 'attachment_url' in 'field list' in E:\xampp\htdocs\main\admin\ita.php on line 346
2025-07-04 11:40:23 - Error: Unauthorized access attempt by user ID: 9 to page: /main/admin/ita.php Required roles: admin in E:\xampp\htdocs\main\includes\auth.php on line 63
